# JRE version: OpenJDK Runtime Environment (8.0_152-b01) (build 1.8.0_152-release-915-b01)
# Java VM: OpenJDK 64-Bit Server VM (25.152-b01 mixed mode linux-amd64 compressed oops)
Heap:
 PSYoungGen      total 269312K, used 103551K [0x00000000eab00000, 0x00000000ffb80000, 0x0000000100000000)
  eden space 202240K, 48% used [0x00000000eab00000,0x00000000f0a3f590,0x00000000f7080000)
  from space 67072K, 8% used [0x00000000fba00000,0x00000000fbfe06e8,0x00000000ffb80000)
  to   space 71168K, 0% used [0x00000000f7080000,0x00000000f7080000,0x00000000fb600000)
 ParOldGen       total 326144K, used 158577K [0x00000000c0000000, 0x00000000d3e80000, 0x00000000eab00000)
  object space 326144K, 48% used [0x00000000c0000000,0x00000000c9adc4c0,0x00000000d3e80000)
 Metaspace       used 76838K, capacity 79718K, committed 80384K, reserved 1120256K
  class space    used 9623K, capacity 10303K, committed 10496K, reserved 1048576K
GC Heap History (10 events):
Event: 2991.319 GC heap before
{Heap before GC invocations=27 (full 4):
 PSYoungGen      total 290304K, used 237811K [0x00000000eab00000, 0x0000000100000000, 0x0000000100000000)
  eden space 230912K, 100% used [0x00000000eab00000,0x00000000f8c80000,0x00000000f8c80000)
  from space 59392K, 11% used [0x00000000fc600000,0x00000000fccbce28,0x0000000100000000)
  to   space 58880K, 0% used [0x00000000f8c80000,0x00000000f8c80000,0x00000000fc600000)
 ParOldGen       total 286720K, used 190452K [0x00000000c0000000, 0x00000000d1800000, 0x00000000eab00000)
  object space 286720K, 66% used [0x00000000c0000000,0x00000000cb9fd018,0x00000000d1800000)
 Metaspace       used 76757K, capacity 79790K, committed 80000K, reserved 1118208K
  class space    used 9639K, capacity 10339K, committed 10368K, reserved 1048576K
Event: 2991.388 GC heap after
Heap after GC invocations=27 (full 4):
 PSYoungGen      total 252928K, used 21863K [0x00000000eab00000, 0x00000000ff880000, 0x0000000100000000)
  eden space 230912K, 0% used [0x00000000eab00000,0x00000000eab00000,0x00000000f8c80000)
  from space 22016K, 99% used [0x00000000f8c80000,0x00000000fa1d9d40,0x00000000fa200000)
  to   space 55296K, 0% used [0x00000000fc280000,0x00000000fc280000,0x00000000ff880000)
 ParOldGen       total 286720K, used 193831K [0x00000000c0000000, 0x00000000d1800000, 0x00000000eab00000)
  object space 286720K, 67% used [0x00000000c0000000,0x00000000cbd49ef8,0x00000000d1800000)
 Metaspace       used 76757K, capacity 79790K, committed 80000K, reserved 1118208K
  class space    used 9639K, capacity 10339K, committed 10368K, reserved 1048576K
}
Event: 2992.882 GC heap before
{Heap before GC invocations=28 (full 4):
 PSYoungGen      total 252928K, used 252775K [0x00000000eab00000, 0x00000000ff880000, 0x0000000100000000)
  eden space 230912K, 100% used [0x00000000eab00000,0x00000000f8c80000,0x00000000f8c80000)
  from space 22016K, 99% used [0x00000000f8c80000,0x00000000fa1d9d40,0x00000000fa200000)
  to   space 55296K, 0% used [0x00000000fc280000,0x00000000fc280000,0x00000000ff880000)
 ParOldGen       total 286720K, used 193831K [0x00000000c0000000, 0x00000000d1800000, 0x00000000eab00000)
  object space 286720K, 67% used [0x00000000c0000000,0x00000000cbd49ef8,0x00000000d1800000)
 Metaspace       used 76898K, capacity 80026K, committed 80384K, reserved 1120256K
  class space    used 9654K, capacity 10379K, committed 10496K, reserved 1048576K
Event: 2993.059 GC heap after
Heap after GC invocations=28 (full 4):
 PSYoungGen      total 253952K, used 55265K [0x00000000eab00000, 0x0000000100000000, 0x0000000100000000)
  eden space 198656K, 0% used [0x00000000eab00000,0x00000000eab00000,0x00000000f6d00000)
  from space 55296K, 99% used [0x00000000fc280000,0x00000000ff878798,0x00000000ff880000)
  to   space 75264K, 0% used [0x00000000f6d00000,0x00000000f6d00000,0x00000000fb680000)
 ParOldGen       total 286720K, used 224041K [0x00000000c0000000, 0x00000000d1800000, 0x00000000eab00000)
  object space 286720K, 78% used [0x00000000c0000000,0x00000000cdaca460,0x00000000d1800000)
 Metaspace       used 76898K, capacity 80026K, committed 80384K, reserved 1120256K
  class space    used 9654K, capacity 10379K, committed 10496K, reserved 1048576K
}
Event: 2994.564 GC heap before
{Heap before GC invocations=29 (full 4):
 PSYoungGen      total 253952K, used 253921K [0x00000000eab00000, 0x0000000100000000, 0x0000000100000000)
  eden space 198656K, 100% used [0x00000000eab00000,0x00000000f6d00000,0x00000000f6d00000)
  from space 55296K, 99% used [0x00000000fc280000,0x00000000ff878798,0x00000000ff880000)
  to   space 75264K, 0% used [0x00000000f6d00000,0x00000000f6d00000,0x00000000fb680000)
 ParOldGen       total 286720K, used 224041K [0x00000000c0000000, 0x00000000d1800000, 0x00000000eab00000)
  object space 286720K, 78% used [0x00000000c0000000,0x00000000cdaca460,0x00000000d1800000)
 Metaspace       used 76913K, capacity 80026K, committed 80384K, reserved 1120256K
  class space    used 9654K, capacity 10379K, committed 10496K, reserved 1048576K
Event: 2994.748 GC heap after
Heap after GC invocations=29 (full 4):
 PSYoungGen      total 273920K, used 21948K [0x00000000eab00000, 0x0000000100000000, 0x0000000100000000)
  eden space 198656K, 0% used [0x00000000eab00000,0x00000000eab00000,0x00000000f6d00000)
  from space 75264K, 29% used [0x00000000f6d00000,0x00000000f826f150,0x00000000fb680000)
  to   space 71680K, 0% used [0x00000000fba00000,0x00000000fba00000,0x0000000100000000)
 ParOldGen       total 286720K, used 279177K [0x00000000c0000000, 0x00000000d1800000, 0x00000000eab00000)
  object space 286720K, 97% used [0x00000000c0000000,0x00000000d10a2510,0x00000000d1800000)
 Metaspace       used 76913K, capacity 80026K, committed 80384K, reserved 1120256K
  class space    used 9654K, capacity 10379K, committed 10496K, reserved 1048576K
}
Event: 2994.748 GC heap before
{Heap before GC invocations=30 (full 5):
 PSYoungGen      total 273920K, used 21948K [0x00000000eab00000, 0x0000000100000000, 0x0000000100000000)
  eden space 198656K, 0% used [0x00000000eab00000,0x00000000eab00000,0x00000000f6d00000)
  from space 75264K, 29% used [0x00000000f6d00000,0x00000000f826f150,0x00000000fb680000)
  to   space 71680K, 0% used [0x00000000fba00000,0x00000000fba00000,0x0000000100000000)
 ParOldGen       total 286720K, used 279177K [0x00000000c0000000, 0x00000000d1800000, 0x00000000eab00000)
  object space 286720K, 97% used [0x00000000c0000000,0x00000000d10a2510,0x00000000d1800000)
 Metaspace       used 76913K, capacity 80026K, committed 80384K, reserved 1120256K
  class space    used 9654K, capacity 10379K, committed 10496K, reserved 1048576K
Event: 2996.116 GC heap after
Heap after GC invocations=30 (full 5):
 PSYoungGen      total 273920K, used 0K [0x00000000eab00000, 0x0000000100000000, 0x0000000100000000)
  eden space 198656K, 0% used [0x00000000eab00000,0x00000000eab00000,0x00000000f6d00000)
  from space 75264K, 0% used [0x00000000f6d00000,0x00000000f6d00000,0x00000000fb680000)
  to   space 71680K, 0% used [0x00000000fba00000,0x00000000fba00000,0x0000000100000000)
 ParOldGen       total 326144K, used 158569K [0x00000000c0000000, 0x00000000d3e80000, 0x00000000eab00000)
  object space 326144K, 48% used [0x00000000c0000000,0x00000000c9ada4c0,0x00000000d3e80000)
 Metaspace       used 76376K, capacity 78992K, committed 80384K, reserved 1120256K
  class space    used 9561K, capacity 10194K, committed 10496K, reserved 1048576K
}
Event: 2998.031 GC heap before
{Heap before GC invocations=31 (full 5):
 PSYoungGen      total 273920K, used 198656K [0x00000000eab00000, 0x0000000100000000, 0x0000000100000000)
  eden space 198656K, 100% used [0x00000000eab00000,0x00000000f6d00000,0x00000000f6d00000)
  from space 75264K, 0% used [0x00000000f6d00000,0x00000000f6d00000,0x00000000fb680000)
  to   space 71680K, 0% used [0x00000000fba00000,0x00000000fba00000,0x0000000100000000)
 ParOldGen       total 326144K, used 158569K [0x00000000c0000000, 0x00000000d3e80000, 0x00000000eab00000)
  object space 326144K, 48% used [0x00000000c0000000,0x00000000c9ada4c0,0x00000000d3e80000)
 Metaspace       used 76421K, capacity 79056K, committed 80384K, reserved 1120256K
  class space    used 9565K, capacity 10194K, committed 10496K, reserved 1048576K
Event: 2998.072 GC heap after
Heap after GC invocations=31 (full 5):
 PSYoungGen      total 269312K, used 6017K [0x00000000eab00000, 0x00000000ffb80000, 0x0000000100000000)
  eden space 202240K, 0% used [0x00000000eab00000,0x00000000eab00000,0x00000000f7080000)
  from space 67072K, 8% used [0x00000000fba00000,0x00000000fbfe06e8,0x00000000ffb80000)
  to   space 71168K, 0% used [0x00000000f7080000,0x00000000f7080000,0x00000000fb600000)
 ParOldGen       total 326144K, used 158577K [0x00000000c0000000, 0x00000000d3e80000, 0x00000000eab00000)
  object space 326144K, 48% used [0x00000000c0000000,0x00000000c9adc4c0,0x00000000d3e80000)
 Metaspace       used 76421K, capacity 79056K, committed 80384K, reserved 1120256K
  class space    used 9565K, capacity 10194K, committed 10496K, reserved 1048576K
}

