# JRE version: OpenJDK Runtime Environment (8.0_152-b01) (build 1.8.0_152-release-915-b01)
# Java VM: OpenJDK 64-Bit Server VM (25.152-b01 mixed mode linux-amd64 compressed oops)
Heap:
 PSYoungGen      total 174592K, used 87108K [0x00000000eab00000, 0x00000000f9680000, 0x0000000100000000)
  eden space 158208K, 44% used [0x00000000eab00000,0x00000000ef015710,0x00000000f4580000)
  from space 16384K, 99% used [0x00000000f4580000,0x00000000f557bc08,0x00000000f5580000)
  to   space 21504K, 0% used [0x00000000f8180000,0x00000000f8180000,0x00000000f9680000)
 ParOldGen       total 99840K, used 26382K [0x00000000c0000000, 0x00000000c6180000, 0x00000000eab00000)
  object space 99840K, 26% used [0x00000000c0000000,0x00000000c19c3bc8,0x00000000c6180000)
 Metaspace       used 55792K, capacity 57476K, committed 57728K, reserved 1099776K
  class space    used 7543K, capacity 7992K, committed 8064K, reserved 1048576K
GC Heap History (10 events):
Event: 6.801 GC heap before
{Heap before GC invocations=9 (full 1):
 PSYoungGen      total 134656K, used 47125K [0x00000000eab00000, 0x00000000f4380000, 0x0000000100000000)
  eden space 124416K, 29% used [0x00000000eab00000,0x00000000ecf0b3c0,0x00000000f2480000)
  from space 10240K, 99% used [0x00000000f2480000,0x00000000f2e7a050,0x00000000f2e80000)
  to   space 11776K, 0% used [0x00000000f3800000,0x00000000f3800000,0x00000000f4380000)
 ParOldGen       total 61952K, used 8988K [0x00000000c0000000, 0x00000000c3c80000, 0x00000000eab00000)
  object space 61952K, 14% used [0x00000000c0000000,0x00000000c08c71c8,0x00000000c3c80000)
 Metaspace       used 34437K, capacity 35130K, committed 35416K, reserved 1079296K
  class space    used 4812K, capacity 5069K, committed 5120K, reserved 1048576K
Event: 6.812 GC heap after
Heap after GC invocations=9 (full 1):
 PSYoungGen      total 143360K, used 10413K [0x00000000eab00000, 0x00000000f7600000, 0x0000000100000000)
  eden space 131584K, 0% used [0x00000000eab00000,0x00000000eab00000,0x00000000f2b80000)
  from space 11776K, 88% used [0x00000000f3800000,0x00000000f422b458,0x00000000f4380000)
  to   space 12800K, 0% used [0x00000000f2b80000,0x00000000f2b80000,0x00000000f3800000)
 ParOldGen       total 61952K, used 9060K [0x00000000c0000000, 0x00000000c3c80000, 0x00000000eab00000)
  object space 61952K, 14% used [0x00000000c0000000,0x00000000c08d91d8,0x00000000c3c80000)
 Metaspace       used 34437K, capacity 35130K, committed 35416K, reserved 1079296K
  class space    used 4812K, capacity 5069K, committed 5120K, reserved 1048576K
}
Event: 6.812 GC heap before
{Heap before GC invocations=10 (full 2):
 PSYoungGen      total 143360K, used 10413K [0x00000000eab00000, 0x00000000f7600000, 0x0000000100000000)
  eden space 131584K, 0% used [0x00000000eab00000,0x00000000eab00000,0x00000000f2b80000)
  from space 11776K, 88% used [0x00000000f3800000,0x00000000f422b458,0x00000000f4380000)
  to   space 12800K, 0% used [0x00000000f2b80000,0x00000000f2b80000,0x00000000f3800000)
 ParOldGen       total 61952K, used 9060K [0x00000000c0000000, 0x00000000c3c80000, 0x00000000eab00000)
  object space 61952K, 14% used [0x00000000c0000000,0x00000000c08d91d8,0x00000000c3c80000)
 Metaspace       used 34437K, capacity 35130K, committed 35416K, reserved 1079296K
  class space    used 4812K, capacity 5069K, committed 5120K, reserved 1048576K
Event: 6.900 GC heap after
Heap after GC invocations=10 (full 2):
 PSYoungGen      total 143360K, used 0K [0x00000000eab00000, 0x00000000f7600000, 0x0000000100000000)
  eden space 131584K, 0% used [0x00000000eab00000,0x00000000eab00000,0x00000000f2b80000)
  from space 11776K, 0% used [0x00000000f3800000,0x00000000f3800000,0x00000000f4380000)
  to   space 12800K, 0% used [0x00000000f2b80000,0x00000000f2b80000,0x00000000f3800000)
 ParOldGen       total 99840K, used 17035K [0x00000000c0000000, 0x00000000c6180000, 0x00000000eab00000)
  object space 99840K, 17% used [0x00000000c0000000,0x00000000c10a2c18,0x00000000c6180000)
 Metaspace       used 34437K, capacity 35130K, committed 35416K, reserved 1079296K
  class space    used 4812K, capacity 5069K, committed 5120K, reserved 1048576K
}
Event: 11.608 GC heap before
{Heap before GC invocations=11 (full 2):
 PSYoungGen      total 143360K, used 131584K [0x00000000eab00000, 0x00000000f7600000, 0x0000000100000000)
  eden space 131584K, 100% used [0x00000000eab00000,0x00000000f2b80000,0x00000000f2b80000)
  from space 11776K, 0% used [0x00000000f3800000,0x00000000f3800000,0x00000000f4380000)
  to   space 12800K, 0% used [0x00000000f2b80000,0x00000000f2b80000,0x00000000f3800000)
 ParOldGen       total 99840K, used 17035K [0x00000000c0000000, 0x00000000c6180000, 0x00000000eab00000)
  object space 99840K, 17% used [0x00000000c0000000,0x00000000c10a2c18,0x00000000c6180000)
 Metaspace       used 42924K, capacity 43848K, committed 44288K, reserved 1087488K
  class space    used 5815K, capacity 6140K, committed 6144K, reserved 1048576K
Event: 11.630 GC heap after
Heap after GC invocations=11 (full 2):
 PSYoungGen      total 144384K, used 12627K [0x00000000eab00000, 0x00000000f6380000, 0x0000000100000000)
  eden space 131584K, 0% used [0x00000000eab00000,0x00000000eab00000,0x00000000f2b80000)
  from space 12800K, 98% used [0x00000000f2b80000,0x00000000f37d4f98,0x00000000f3800000)
  to   space 14336K, 0% used [0x00000000f5580000,0x00000000f5580000,0x00000000f6380000)
 ParOldGen       total 99840K, used 17043K [0x00000000c0000000, 0x00000000c6180000, 0x00000000eab00000)
  object space 99840K, 17% used [0x00000000c0000000,0x00000000c10a4c18,0x00000000c6180000)
 Metaspace       used 42924K, capacity 43848K, committed 44288K, reserved 1087488K
  class space    used 5815K, capacity 6140K, committed 6144K, reserved 1048576K
}
Event: 12.937 GC heap before
{Heap before GC invocations=12 (full 2):
 PSYoungGen      total 144384K, used 144211K [0x00000000eab00000, 0x00000000f6380000, 0x0000000100000000)
  eden space 131584K, 100% used [0x00000000eab00000,0x00000000f2b80000,0x00000000f2b80000)
  from space 12800K, 98% used [0x00000000f2b80000,0x00000000f37d4f98,0x00000000f3800000)
  to   space 14336K, 0% used [0x00000000f5580000,0x00000000f5580000,0x00000000f6380000)
 ParOldGen       total 99840K, used 17043K [0x00000000c0000000, 0x00000000c6180000, 0x00000000eab00000)
  object space 99840K, 17% used [0x00000000c0000000,0x00000000c10a4c18,0x00000000c6180000)
 Metaspace       used 48410K, capacity 49508K, committed 49664K, reserved 1091584K
  class space    used 6543K, capacity 6874K, committed 6912K, reserved 1048576K
Event: 12.954 GC heap after
Heap after GC invocations=12 (full 2):
 PSYoungGen      total 172544K, used 14326K [0x00000000eab00000, 0x00000000f6780000, 0x0000000100000000)
  eden space 158208K, 0% used [0x00000000eab00000,0x00000000eab00000,0x00000000f4580000)
  from space 14336K, 99% used [0x00000000f5580000,0x00000000f637da30,0x00000000f6380000)
  to   space 16384K, 0% used [0x00000000f4580000,0x00000000f4580000,0x00000000f5580000)
 ParOldGen       total 99840K, used 18326K [0x00000000c0000000, 0x00000000c6180000, 0x00000000eab00000)
  object space 99840K, 18% used [0x00000000c0000000,0x00000000c11e5a20,0x00000000c6180000)
 Metaspace       used 48410K, capacity 49508K, committed 49664K, reserved 1091584K
  class space    used 6543K, capacity 6874K, committed 6912K, reserved 1048576K
}
Event: 16.676 GC heap before
{Heap before GC invocations=13 (full 2):
 PSYoungGen      total 172544K, used 172534K [0x00000000eab00000, 0x00000000f6780000, 0x0000000100000000)
  eden space 158208K, 100% used [0x00000000eab00000,0x00000000f4580000,0x00000000f4580000)
  from space 14336K, 99% used [0x00000000f5580000,0x00000000f637da30,0x00000000f6380000)
  to   space 16384K, 0% used [0x00000000f4580000,0x00000000f4580000,0x00000000f5580000)
 ParOldGen       total 99840K, used 18326K [0x00000000c0000000, 0x00000000c6180000, 0x00000000eab00000)
  object space 99840K, 18% used [0x00000000c0000000,0x00000000c11e5a20,0x00000000c6180000)
 Metaspace       used 54326K, capacity 56048K, committed 56320K, reserved 1097728K
  class space    used 7373K, capacity 7846K, committed 7936K, reserved 1048576K
Event: 16.781 GC heap after
Heap after GC invocations=13 (full 2):
 PSYoungGen      total 174592K, used 16367K [0x00000000eab00000, 0x00000000f9680000, 0x0000000100000000)
  eden space 158208K, 0% used [0x00000000eab00000,0x00000000eab00000,0x00000000f4580000)
  from space 16384K, 99% used [0x00000000f4580000,0x00000000f557bc08,0x00000000f5580000)
  to   space 21504K, 0% used [0x00000000f8180000,0x00000000f8180000,0x00000000f9680000)
 ParOldGen       total 99840K, used 26382K [0x00000000c0000000, 0x00000000c6180000, 0x00000000eab00000)
  object space 99840K, 26% used [0x00000000c0000000,0x00000000c19c3bc8,0x00000000c6180000)
 Metaspace       used 54326K, capacity 56048K, committed 56320K, reserved 1097728K
  class space    used 7373K, capacity 7846K, committed 7936K, reserved 1048576K
}

