# JRE version: OpenJDK Runtime Environment (8.0_152-b01) (build 1.8.0_152-release-915-b01)
# Java VM: OpenJDK 64-Bit Server VM (25.152-b01 mixed mode linux-amd64 compressed oops)
Heap:
 PSYoungGen      total 257536K, used 178908K [0x00000000eab00000, 0x00000000ffa00000, 0x0000000100000000)
  eden space 244736K, 67% used [0x00000000eab00000,0x00000000f4d7e438,0x00000000f9a00000)
  from space 12800K, 97% used [0x00000000f9a00000,0x00000000fa638dc8,0x00000000fa680000)
  to   space 49152K, 0% used [0x00000000fca00000,0x00000000fca00000,0x00000000ffa00000)
 ParOldGen       total 306688K, used 135298K [0x00000000c0000000, 0x00000000d2b80000, 0x00000000eab00000)
  object space 306688K, 44% used [0x00000000c0000000,0x00000000c8420ac0,0x00000000d2b80000)
 Metaspace       used 64571K, capacity 66578K, committed 66944K, reserved 1107968K
  class space    used 8424K, capacity 8963K, committed 9088K, reserved 1048576K
GC Heap History (10 events):
Event: 21.184 GC heap before
{Heap before GC invocations=15 (full 3):
 PSYoungGen      total 203776K, used 185344K [0x00000000eab00000, 0x00000000fb100000, 0x0000000100000000)
  eden space 185344K, 100% used [0x00000000eab00000,0x00000000f6000000,0x00000000f6000000)
  from space 18432K, 0% used [0x00000000f6000000,0x00000000f6000000,0x00000000f7200000)
  to   space 19968K, 0% used [0x00000000f9d80000,0x00000000f9d80000,0x00000000fb100000)
 ParOldGen       total 147456K, used 41524K [0x00000000c0000000, 0x00000000c9000000, 0x00000000eab00000)
  object space 147456K, 28% used [0x00000000c0000000,0x00000000c288d010,0x00000000c9000000)
 Metaspace       used 59667K, capacity 61480K, committed 61824K, reserved 1101824K
  class space    used 7973K, capacity 8478K, committed 8576K, reserved 1048576K
Event: 21.290 GC heap after
Heap after GC invocations=15 (full 3):
 PSYoungGen      total 232960K, used 19957K [0x00000000eab00000, 0x00000000fcf80000, 0x0000000100000000)
  eden space 212992K, 0% used [0x00000000eab00000,0x00000000eab00000,0x00000000f7b00000)
  from space 19968K, 99% used [0x00000000f9d80000,0x00000000fb0fd520,0x00000000fb100000)
  to   space 35328K, 0% used [0x00000000f7b00000,0x00000000f7b00000,0x00000000f9d80000)
 ParOldGen       total 147456K, used 75866K [0x00000000c0000000, 0x00000000c9000000, 0x00000000eab00000)
  object space 147456K, 51% used [0x00000000c0000000,0x00000000c4a16960,0x00000000c9000000)
 Metaspace       used 59667K, capacity 61480K, committed 61824K, reserved 1101824K
  class space    used 7973K, capacity 8478K, committed 8576K, reserved 1048576K
}
Event: 23.290 GC heap before
{Heap before GC invocations=16 (full 3):
 PSYoungGen      total 232960K, used 232949K [0x00000000eab00000, 0x00000000fcf80000, 0x0000000100000000)
  eden space 212992K, 100% used [0x00000000eab00000,0x00000000f7b00000,0x00000000f7b00000)
  from space 19968K, 99% used [0x00000000f9d80000,0x00000000fb0fd520,0x00000000fb100000)
  to   space 35328K, 0% used [0x00000000f7b00000,0x00000000f7b00000,0x00000000f9d80000)
 ParOldGen       total 147456K, used 75866K [0x00000000c0000000, 0x00000000c9000000, 0x00000000eab00000)
  object space 147456K, 51% used [0x00000000c0000000,0x00000000c4a16960,0x00000000c9000000)
 Metaspace       used 60540K, capacity 62376K, committed 62592K, reserved 1103872K
  class space    used 8049K, capacity 8542K, committed 8576K, reserved 1048576K
Event: 23.426 GC heap after
Heap after GC invocations=16 (full 3):
 PSYoungGen      total 248320K, used 35323K [0x00000000eab00000, 0x0000000100000000, 0x0000000100000000)
  eden space 212992K, 0% used [0x00000000eab00000,0x00000000eab00000,0x00000000f7b00000)
  from space 35328K, 99% used [0x00000000f7b00000,0x00000000f9d7ef40,0x00000000f9d80000)
  to   space 52736K, 0% used [0x00000000fcc80000,0x00000000fcc80000,0x0000000100000000)
 ParOldGen       total 147456K, used 108246K [0x00000000c0000000, 0x00000000c9000000, 0x00000000eab00000)
  object space 147456K, 73% used [0x00000000c0000000,0x00000000c69b5830,0x00000000c9000000)
 Metaspace       used 60540K, capacity 62376K, committed 62592K, reserved 1103872K
  class space    used 8049K, capacity 8542K, committed 8576K, reserved 1048576K
}
Event: 27.115 GC heap before
{Heap before GC invocations=17 (full 3):
 PSYoungGen      total 248320K, used 248315K [0x00000000eab00000, 0x0000000100000000, 0x0000000100000000)
  eden space 212992K, 100% used [0x00000000eab00000,0x00000000f7b00000,0x00000000f7b00000)
  from space 35328K, 99% used [0x00000000f7b00000,0x00000000f9d7ef40,0x00000000f9d80000)
  to   space 52736K, 0% used [0x00000000fcc80000,0x00000000fcc80000,0x0000000100000000)
 ParOldGen       total 147456K, used 108246K [0x00000000c0000000, 0x00000000c9000000, 0x00000000eab00000)
  object space 147456K, 73% used [0x00000000c0000000,0x00000000c69b5830,0x00000000c9000000)
 Metaspace       used 61277K, capacity 63080K, committed 63360K, reserved 1103872K
  class space    used 8059K, capacity 8542K, committed 8576K, reserved 1048576K
Event: 27.242 GC heap after
Heap after GC invocations=17 (full 3):
 PSYoungGen      total 297472K, used 8032K [0x00000000eab00000, 0x0000000100000000, 0x0000000100000000)
  eden space 244736K, 0% used [0x00000000eab00000,0x00000000eab00000,0x00000000f9a00000)
  from space 52736K, 15% used [0x00000000fcc80000,0x00000000fd458108,0x0000000100000000)
  to   space 51712K, 0% used [0x00000000f9a00000,0x00000000f9a00000,0x00000000fcc80000)
 ParOldGen       total 147456K, used 141970K [0x00000000c0000000, 0x00000000c9000000, 0x00000000eab00000)
  object space 147456K, 96% used [0x00000000c0000000,0x00000000c8aa48b0,0x00000000c9000000)
 Metaspace       used 61277K, capacity 63080K, committed 63360K, reserved 1103872K
  class space    used 8059K, capacity 8542K, committed 8576K, reserved 1048576K
}
Event: 27.242 GC heap before
{Heap before GC invocations=18 (full 4):
 PSYoungGen      total 297472K, used 8032K [0x00000000eab00000, 0x0000000100000000, 0x0000000100000000)
  eden space 244736K, 0% used [0x00000000eab00000,0x00000000eab00000,0x00000000f9a00000)
  from space 52736K, 15% used [0x00000000fcc80000,0x00000000fd458108,0x0000000100000000)
  to   space 51712K, 0% used [0x00000000f9a00000,0x00000000f9a00000,0x00000000fcc80000)
 ParOldGen       total 147456K, used 141970K [0x00000000c0000000, 0x00000000c9000000, 0x00000000eab00000)
  object space 147456K, 96% used [0x00000000c0000000,0x00000000c8aa48b0,0x00000000c9000000)
 Metaspace       used 61277K, capacity 63080K, committed 63360K, reserved 1103872K
  class space    used 8059K, capacity 8542K, committed 8576K, reserved 1048576K
Event: 28.357 GC heap after
Heap after GC invocations=18 (full 4):
 PSYoungGen      total 297472K, used 0K [0x00000000eab00000, 0x0000000100000000, 0x0000000100000000)
  eden space 244736K, 0% used [0x00000000eab00000,0x00000000eab00000,0x00000000f9a00000)
  from space 52736K, 0% used [0x00000000fcc80000,0x00000000fcc80000,0x0000000100000000)
  to   space 51712K, 0% used [0x00000000f9a00000,0x00000000f9a00000,0x00000000fcc80000)
 ParOldGen       total 306688K, used 135290K [0x00000000c0000000, 0x00000000d2b80000, 0x00000000eab00000)
  object space 306688K, 44% used [0x00000000c0000000,0x00000000c841eac0,0x00000000d2b80000)
 Metaspace       used 61277K, capacity 63080K, committed 63360K, reserved 1103872K
  class space    used 8059K, capacity 8542K, committed 8576K, reserved 1048576K
}
Event: 31.273 GC heap before
{Heap before GC invocations=19 (full 4):
 PSYoungGen      total 297472K, used 244730K [0x00000000eab00000, 0x0000000100000000, 0x0000000100000000)
  eden space 244736K, 99% used [0x00000000eab00000,0x00000000f99fe880,0x00000000f9a00000)
  from space 52736K, 0% used [0x00000000fcc80000,0x00000000fcc80000,0x0000000100000000)
  to   space 51712K, 0% used [0x00000000f9a00000,0x00000000f9a00000,0x00000000fcc80000)
 ParOldGen       total 306688K, used 135290K [0x00000000c0000000, 0x00000000d2b80000, 0x00000000eab00000)
  object space 306688K, 44% used [0x00000000c0000000,0x00000000c841eac0,0x00000000d2b80000)
 Metaspace       used 61531K, capacity 63368K, committed 63616K, reserved 1103872K
  class space    used 8083K, capacity 8574K, committed 8576K, reserved 1048576K
Event: 31.324 GC heap after
Heap after GC invocations=19 (full 4):
 PSYoungGen      total 257536K, used 12515K [0x00000000eab00000, 0x00000000ffa00000, 0x0000000100000000)
  eden space 244736K, 0% used [0x00000000eab00000,0x00000000eab00000,0x00000000f9a00000)
  from space 12800K, 97% used [0x00000000f9a00000,0x00000000fa638dc8,0x00000000fa680000)
  to   space 49152K, 0% used [0x00000000fca00000,0x00000000fca00000,0x00000000ffa00000)
 ParOldGen       total 306688K, used 135298K [0x00000000c0000000, 0x00000000d2b80000, 0x00000000eab00000)
  object space 306688K, 44% used [0x00000000c0000000,0x00000000c8420ac0,0x00000000d2b80000)
 Metaspace       used 61531K, capacity 63368K, committed 63616K, reserved 1103872K
  class space    used 8083K, capacity 8574K, committed 8576K, reserved 1048576K
}

