# JRE version: OpenJDK Runtime Environment (8.0_152-b01) (build 1.8.0_152-release-915-b01)
# Java VM: OpenJDK 64-Bit Server VM (25.152-b01 mixed mode linux-amd64 compressed oops)
Heap:
 PSYoungGen      total 273408K, used 8014K [0x00000000eab00000, 0x0000000100000000, 0x0000000100000000)
  eden space 195072K, 0% used [0x00000000eab00000,0x00000000eab00000,0x00000000f6980000)
  from space 78336K, 10% used [0x00000000fb380000,0x00000000fbb53bd8,0x0000000100000000)
  to   space 75776K, 0% used [0x00000000f6980000,0x00000000f6980000,0x00000000fb380000)
 ParOldGen       total 269824K, used 257113K [0x00000000c0000000, 0x00000000d0780000, 0x00000000eab00000)
  object space 269824K, 95% used [0x00000000c0000000,0x00000000cfb165c0,0x00000000d0780000)
 Metaspace       used 74455K, capacity 77738K, committed 77952K, reserved 1118208K
  class space    used 9300K, capacity 10101K, committed 10112K, reserved 1048576K
GC Heap History (10 events):
Event: 2824.336 GC heap after
Heap after GC invocations=44 (full 6):
 PSYoungGen      total 274432K, used 2251K [0x00000000eab00000, 0x0000000100000000, 0x0000000100000000)
  eden space 205312K, 0% used [0x00000000eab00000,0x00000000eab00000,0x00000000f7380000)
  from space 69120K, 3% used [0x00000000fb580000,0x00000000fb7b2c00,0x00000000ff900000)
  to   space 67584K, 0% used [0x00000000f7380000,0x00000000f7380000,0x00000000fb580000)
 ParOldGen       total 269824K, used 163505K [0x00000000c0000000, 0x00000000d0780000, 0x00000000eab00000)
  object space 269824K, 60% used [0x00000000c0000000,0x00000000c9fac798,0x00000000d0780000)
 Metaspace       used 73994K, capacity 77136K, committed 77440K, reserved 1116160K
  class space    used 9263K, capacity 10002K, committed 10112K, reserved 1048576K
}
Event: 3013.859 GC heap before
{Heap before GC invocations=45 (full 6):
 PSYoungGen      total 274432K, used 207563K [0x00000000eab00000, 0x0000000100000000, 0x0000000100000000)
  eden space 205312K, 100% used [0x00000000eab00000,0x00000000f7380000,0x00000000f7380000)
  from space 69120K, 3% used [0x00000000fb580000,0x00000000fb7b2c00,0x00000000ff900000)
  to   space 67584K, 0% used [0x00000000f7380000,0x00000000f7380000,0x00000000fb580000)
 ParOldGen       total 269824K, used 163505K [0x00000000c0000000, 0x00000000d0780000, 0x00000000eab00000)
  object space 269824K, 60% used [0x00000000c0000000,0x00000000c9fac798,0x00000000d0780000)
 Metaspace       used 74196K, capacity 77474K, committed 77696K, reserved 1116160K
  class space    used 9282K, capacity 10057K, committed 10112K, reserved 1048576K
Event: 3013.872 GC heap after
Heap after GC invocations=45 (full 6):
 PSYoungGen      total 272896K, used 7601K [0x00000000eab00000, 0x00000000ff980000, 0x0000000100000000)
  eden space 205312K, 0% used [0x00000000eab00000,0x00000000eab00000,0x00000000f7380000)
  from space 67584K, 11% used [0x00000000f7380000,0x00000000f7aec780,0x00000000fb580000)
  to   space 65024K, 0% used [0x00000000fba00000,0x00000000fba00000,0x00000000ff980000)
 ParOldGen       total 269824K, used 164049K [0x00000000c0000000, 0x00000000d0780000, 0x00000000eab00000)
  object space 269824K, 60% used [0x00000000c0000000,0x00000000ca0347e8,0x00000000d0780000)
 Metaspace       used 74196K, capacity 77474K, committed 77696K, reserved 1116160K
  class space    used 9282K, capacity 10057K, committed 10112K, reserved 1048576K
}
Event: 3015.021 GC heap before
{Heap before GC invocations=46 (full 6):
 PSYoungGen      total 272896K, used 212913K [0x00000000eab00000, 0x00000000ff980000, 0x0000000100000000)
  eden space 205312K, 100% used [0x00000000eab00000,0x00000000f7380000,0x00000000f7380000)
  from space 67584K, 11% used [0x00000000f7380000,0x00000000f7aec780,0x00000000fb580000)
  to   space 65024K, 0% used [0x00000000fba00000,0x00000000fba00000,0x00000000ff980000)
 ParOldGen       total 269824K, used 164049K [0x00000000c0000000, 0x00000000d0780000, 0x00000000eab00000)
  object space 269824K, 60% used [0x00000000c0000000,0x00000000ca0347e8,0x00000000d0780000)
 Metaspace       used 74333K, capacity 77566K, committed 77696K, reserved 1116160K
  class space    used 9284K, capacity 10061K, committed 10112K, reserved 1048576K
Event: 3015.112 GC heap after
Heap after GC invocations=46 (full 6):
 PSYoungGen      total 270848K, used 48844K [0x00000000eab00000, 0x0000000100000000, 0x0000000100000000)
  eden space 205824K, 0% used [0x00000000eab00000,0x00000000eab00000,0x00000000f7400000)
  from space 65024K, 75% used [0x00000000fba00000,0x00000000fe9b32a8,0x00000000ff980000)
  to   space 71680K, 0% used [0x00000000f7400000,0x00000000f7400000,0x00000000fba00000)
 ParOldGen       total 269824K, used 166669K [0x00000000c0000000, 0x00000000d0780000, 0x00000000eab00000)
  object space 269824K, 61% used [0x00000000c0000000,0x00000000ca2c3698,0x00000000d0780000)
 Metaspace       used 74333K, capacity 77566K, committed 77696K, reserved 1116160K
  class space    used 9284K, capacity 10061K, committed 10112K, reserved 1048576K
}
Event: 3015.932 GC heap before
{Heap before GC invocations=47 (full 6):
 PSYoungGen      total 270848K, used 254668K [0x00000000eab00000, 0x0000000100000000, 0x0000000100000000)
  eden space 205824K, 100% used [0x00000000eab00000,0x00000000f7400000,0x00000000f7400000)
  from space 65024K, 75% used [0x00000000fba00000,0x00000000fe9b32a8,0x00000000ff980000)
  to   space 71680K, 0% used [0x00000000f7400000,0x00000000f7400000,0x00000000fba00000)
 ParOldGen       total 269824K, used 166669K [0x00000000c0000000, 0x00000000d0780000, 0x00000000eab00000)
  object space 269824K, 61% used [0x00000000c0000000,0x00000000ca2c3698,0x00000000d0780000)
 Metaspace       used 74445K, capacity 77738K, committed 77952K, reserved 1118208K
  class space    used 9300K, capacity 10101K, committed 10112K, reserved 1048576K
Event: 3016.133 GC heap after
Heap after GC invocations=47 (full 6):
 PSYoungGen      total 259072K, used 52821K [0x00000000eab00000, 0x0000000100000000, 0x0000000100000000)
  eden space 205824K, 0% used [0x00000000eab00000,0x00000000eab00000,0x00000000f7400000)
  from space 53248K, 99% used [0x00000000f7400000,0x00000000fa7957e0,0x00000000fa800000)
  to   space 78336K, 0% used [0x00000000fb380000,0x00000000fb380000,0x0000000100000000)
 ParOldGen       total 269824K, used 205861K [0x00000000c0000000, 0x00000000d0780000, 0x00000000eab00000)
  object space 269824K, 76% used [0x00000000c0000000,0x00000000cc909668,0x00000000d0780000)
 Metaspace       used 74445K, capacity 77738K, committed 77952K, reserved 1118208K
  class space    used 9300K, capacity 10101K, committed 10112K, reserved 1048576K
}
Event: 3017.563 GC heap before
{Heap before GC invocations=48 (full 6):
 PSYoungGen      total 259072K, used 258645K [0x00000000eab00000, 0x0000000100000000, 0x0000000100000000)
  eden space 205824K, 100% used [0x00000000eab00000,0x00000000f7400000,0x00000000f7400000)
  from space 53248K, 99% used [0x00000000f7400000,0x00000000fa7957e0,0x00000000fa800000)
  to   space 78336K, 0% used [0x00000000fb380000,0x00000000fb380000,0x0000000100000000)
 ParOldGen       total 269824K, used 205861K [0x00000000c0000000, 0x00000000d0780000, 0x00000000eab00000)
  object space 269824K, 76% used [0x00000000c0000000,0x00000000cc909668,0x00000000d0780000)
 Metaspace       used 74455K, capacity 77738K, committed 77952K, reserved 1118208K
  class space    used 9300K, capacity 10101K, committed 10112K, reserved 1048576K
Event: 3017.702 GC heap after
Heap after GC invocations=48 (full 6):
 PSYoungGen      total 273408K, used 8014K [0x00000000eab00000, 0x0000000100000000, 0x0000000100000000)
  eden space 195072K, 0% used [0x00000000eab00000,0x00000000eab00000,0x00000000f6980000)
  from space 78336K, 10% used [0x00000000fb380000,0x00000000fbb53bd8,0x0000000100000000)
  to   space 75776K, 0% used [0x00000000f6980000,0x00000000f6980000,0x00000000fb380000)
 ParOldGen       total 269824K, used 257113K [0x00000000c0000000, 0x00000000d0780000, 0x00000000eab00000)
  object space 269824K, 95% used [0x00000000c0000000,0x00000000cfb165c0,0x00000000d0780000)
 Metaspace       used 74455K, capacity 77738K, committed 77952K, reserved 1118208K
  class space    used 9300K, capacity 10101K, committed 10112K, reserved 1048576K
}
Event: 3017.702 GC heap before
{Heap before GC invocations=49 (full 7):
 PSYoungGen      total 273408K, used 8014K [0x00000000eab00000, 0x0000000100000000, 0x0000000100000000)
  eden space 195072K, 0% used [0x00000000eab00000,0x00000000eab00000,0x00000000f6980000)
  from space 78336K, 10% used [0x00000000fb380000,0x00000000fbb53bd8,0x0000000100000000)
  to   space 75776K, 0% used [0x00000000f6980000,0x00000000f6980000,0x00000000fb380000)
 ParOldGen       total 269824K, used 257113K [0x00000000c0000000, 0x00000000d0780000, 0x00000000eab00000)
  object space 269824K, 95% used [0x00000000c0000000,0x00000000cfb165c0,0x00000000d0780000)
 Metaspace       used 74455K, capacity 77738K, committed 77952K, reserved 1118208K
  class space    used 9300K, capacity 10101K, committed 10112K, reserved 1048576K

