# JRE version: OpenJDK Runtime Environment (8.0_152-b01) (build 1.8.0_152-release-915-b01)
# Java VM: OpenJDK 64-Bit Server VM (25.152-b01 mixed mode linux-amd64 compressed oops)
Heap:
 PSYoungGen      total 187904K, used 87911K [0x00000000eab00000, 0x00000000f7900000, 0x0000000100000000)
  eden space 179200K, 44% used [0x00000000eab00000,0x00000000ef8d5d68,0x00000000f5a00000)
  from space 8704K, 94% used [0x00000000f7080000,0x00000000f7884020,0x00000000f7900000)
  to   space 14336K, 0% used [0x00000000f5d00000,0x00000000f5d00000,0x00000000f6b00000)
 ParOldGen       total 124416K, used 42843K [0x00000000c0000000, 0x00000000c7980000, 0x00000000eab00000)
  object space 124416K, 34% used [0x00000000c0000000,0x00000000c29d6c40,0x00000000c7980000)
 Metaspace       used 60450K, capacity 63074K, committed 63232K, reserved 1103872K
  class space    used 7931K, capacity 8623K, committed 8704K, reserved 1048576K
GC Heap History (10 events):
Event: 68.066 GC heap before
{Heap before GC invocations=15 (full 2):
 PSYoungGen      total 157184K, used 149337K [0x00000000eab00000, 0x00000000f5880000, 0x0000000100000000)
  eden space 142848K, 100% used [0x00000000eab00000,0x00000000f3680000,0x00000000f3680000)
  from space 14336K, 45% used [0x00000000f4400000,0x00000000f4a567c0,0x00000000f5200000)
  to   space 13824K, 0% used [0x00000000f3680000,0x00000000f3680000,0x00000000f4400000)
 ParOldGen       total 81920K, used 31739K [0x00000000c0000000, 0x00000000c5000000, 0x00000000eab00000)
  object space 81920K, 38% used [0x00000000c0000000,0x00000000c1efec68,0x00000000c5000000)
 Metaspace       used 54480K, capacity 56240K, committed 56576K, reserved 1097728K
  class space    used 7367K, capacity 7817K, committed 7936K, reserved 1048576K
Event: 68.109 GC heap after
Heap after GC invocations=15 (full 2):
 PSYoungGen      total 156672K, used 13208K [0x00000000eab00000, 0x00000000f8400000, 0x0000000100000000)
  eden space 142848K, 0% used [0x00000000eab00000,0x00000000eab00000,0x00000000f3680000)
  from space 13824K, 95% used [0x00000000f3680000,0x00000000f43662e0,0x00000000f4400000)
  to   space 15360K, 0% used [0x00000000f7500000,0x00000000f7500000,0x00000000f8400000)
 ParOldGen       total 81920K, used 32730K [0x00000000c0000000, 0x00000000c5000000, 0x00000000eab00000)
  object space 81920K, 39% used [0x00000000c0000000,0x00000000c1ff6b70,0x00000000c5000000)
 Metaspace       used 54480K, capacity 56240K, committed 56576K, reserved 1097728K
  class space    used 7367K, capacity 7817K, committed 7936K, reserved 1048576K
}
Event: 69.448 GC heap before
{Heap before GC invocations=16 (full 2):
 PSYoungGen      total 156672K, used 79203K [0x00000000eab00000, 0x00000000f8400000, 0x0000000100000000)
  eden space 142848K, 46% used [0x00000000eab00000,0x00000000eeb72988,0x00000000f3680000)
  from space 13824K, 95% used [0x00000000f3680000,0x00000000f43662e0,0x00000000f4400000)
  to   space 15360K, 0% used [0x00000000f7500000,0x00000000f7500000,0x00000000f8400000)
 ParOldGen       total 81920K, used 32730K [0x00000000c0000000, 0x00000000c5000000, 0x00000000eab00000)
  object space 81920K, 39% used [0x00000000c0000000,0x00000000c1ff6b70,0x00000000c5000000)
 Metaspace       used 57019K, capacity 58960K, committed 59028K, reserved 1099776K
  class space    used 7690K, capacity 8185K, committed 8192K, reserved 1048576K
Event: 69.476 GC heap after
Heap after GC invocations=16 (full 2):
 PSYoungGen      total 207360K, used 6853K [0x00000000eab00000, 0x00000000f8b80000, 0x0000000100000000)
  eden space 192000K, 0% used [0x00000000eab00000,0x00000000eab00000,0x00000000f6680000)
  from space 15360K, 44% used [0x00000000f7500000,0x00000000f7bb1648,0x00000000f8400000)
  to   space 14848K, 0% used [0x00000000f6680000,0x00000000f6680000,0x00000000f7500000)
 ParOldGen       total 81920K, used 42354K [0x00000000c0000000, 0x00000000c5000000, 0x00000000eab00000)
  object space 81920K, 51% used [0x00000000c0000000,0x00000000c295cb80,0x00000000c5000000)
 Metaspace       used 57019K, capacity 58960K, committed 59028K, reserved 1099776K
  class space    used 7690K, capacity 8185K, committed 8192K, reserved 1048576K
}
Event: 69.476 GC heap before
{Heap before GC invocations=17 (full 3):
 PSYoungGen      total 207360K, used 6853K [0x00000000eab00000, 0x00000000f8b80000, 0x0000000100000000)
  eden space 192000K, 0% used [0x00000000eab00000,0x00000000eab00000,0x00000000f6680000)
  from space 15360K, 44% used [0x00000000f7500000,0x00000000f7bb1648,0x00000000f8400000)
  to   space 14848K, 0% used [0x00000000f6680000,0x00000000f6680000,0x00000000f7500000)
 ParOldGen       total 81920K, used 42354K [0x00000000c0000000, 0x00000000c5000000, 0x00000000eab00000)
  object space 81920K, 51% used [0x00000000c0000000,0x00000000c295cb80,0x00000000c5000000)
 Metaspace       used 57019K, capacity 58960K, committed 59028K, reserved 1099776K
  class space    used 7690K, capacity 8185K, committed 8192K, reserved 1048576K
Event: 69.733 GC heap after
Heap after GC invocations=17 (full 3):
 PSYoungGen      total 207360K, used 0K [0x00000000eab00000, 0x00000000f8b80000, 0x0000000100000000)
  eden space 192000K, 0% used [0x00000000eab00000,0x00000000eab00000,0x00000000f6680000)
  from space 15360K, 0% used [0x00000000f7500000,0x00000000f7500000,0x00000000f8400000)
  to   space 14848K, 0% used [0x00000000f6680000,0x00000000f6680000,0x00000000f7500000)
 ParOldGen       total 124416K, used 41325K [0x00000000c0000000, 0x00000000c7980000, 0x00000000eab00000)
  object space 124416K, 33% used [0x00000000c0000000,0x00000000c285b558,0x00000000c7980000)
 Metaspace       used 57019K, capacity 58960K, committed 59028K, reserved 1099776K
  class space    used 7690K, capacity 8185K, committed 8192K, reserved 1048576K
}
Event: 1506.445 GC heap before
{Heap before GC invocations=18 (full 3):
 PSYoungGen      total 207360K, used 192000K [0x00000000eab00000, 0x00000000f8b80000, 0x0000000100000000)
  eden space 192000K, 100% used [0x00000000eab00000,0x00000000f6680000,0x00000000f6680000)
  from space 15360K, 0% used [0x00000000f7500000,0x00000000f7500000,0x00000000f8400000)
  to   space 14848K, 0% used [0x00000000f6680000,0x00000000f6680000,0x00000000f7500000)
 ParOldGen       total 124416K, used 41325K [0x00000000c0000000, 0x00000000c7980000, 0x00000000eab00000)
  object space 124416K, 33% used [0x00000000c0000000,0x00000000c285b558,0x00000000c7980000)
 Metaspace       used 59731K, capacity 62244K, committed 62336K, reserved 1103872K
  class space    used 7903K, capacity 8552K, committed 8576K, reserved 1048576K
Event: 1506.491 GC heap after
Heap after GC invocations=18 (full 3):
 PSYoungGen      total 195584K, used 10153K [0x00000000eab00000, 0x00000000f7d00000, 0x0000000100000000)
  eden space 185344K, 0% used [0x00000000eab00000,0x00000000eab00000,0x00000000f6000000)
  from space 10240K, 99% used [0x00000000f6680000,0x00000000f706a5e0,0x00000000f7080000)
  to   space 12800K, 0% used [0x00000000f7080000,0x00000000f7080000,0x00000000f7d00000)
 ParOldGen       total 124416K, used 41333K [0x00000000c0000000, 0x00000000c7980000, 0x00000000eab00000)
  object space 124416K, 33% used [0x00000000c0000000,0x00000000c285d558,0x00000000c7980000)
 Metaspace       used 59731K, capacity 62244K, committed 62336K, reserved 1103872K
  class space    used 7903K, capacity 8552K, committed 8576K, reserved 1048576K
}
Event: 2004.540 GC heap before
{Heap before GC invocations=19 (full 3):
 PSYoungGen      total 195584K, used 195467K [0x00000000eab00000, 0x00000000f7d00000, 0x0000000100000000)
  eden space 185344K, 99% used [0x00000000eab00000,0x00000000f5ff8800,0x00000000f6000000)
  from space 10240K, 99% used [0x00000000f6680000,0x00000000f706a5e0,0x00000000f7080000)
  to   space 12800K, 0% used [0x00000000f7080000,0x00000000f7080000,0x00000000f7d00000)
 ParOldGen       total 124416K, used 41333K [0x00000000c0000000, 0x00000000c7980000, 0x00000000eab00000)
  object space 124416K, 33% used [0x00000000c0000000,0x00000000c285d558,0x00000000c7980000)
 Metaspace       used 60250K, capacity 62896K, committed 63232K, reserved 1103872K
  class space    used 7927K, capacity 8616K, committed 8704K, reserved 1048576K
Event: 2004.564 GC heap after
Heap after GC invocations=19 (full 3):
 PSYoungGen      total 187904K, used 8208K [0x00000000eab00000, 0x00000000f7900000, 0x0000000100000000)
  eden space 179200K, 0% used [0x00000000eab00000,0x00000000eab00000,0x00000000f5a00000)
  from space 8704K, 94% used [0x00000000f7080000,0x00000000f7884020,0x00000000f7900000)
  to   space 14336K, 0% used [0x00000000f5d00000,0x00000000f5d00000,0x00000000f6b00000)
 ParOldGen       total 124416K, used 42843K [0x00000000c0000000, 0x00000000c7980000, 0x00000000eab00000)
  object space 124416K, 34% used [0x00000000c0000000,0x00000000c29d6c40,0x00000000c7980000)
 Metaspace       used 60250K, capacity 62896K, committed 63232K, reserved 1103872K
  class space    used 7927K, capacity 8616K, committed 8704K, reserved 1048576K
}

